<?xml version="1.0" encoding="UTF-8"?>
<!-- Generated by org.testng.reporters.JUnitReportReporter -->
<testsuite hostname="LAPTOP-0NBPGO9F" failures="0" tests="1" name="TestNG.Orangehrm.Login" time="17.866" errors="0" timestamp="2024-03-01T00:34:43 IST" skipped="0">
  <testcase classname="TestNG.Orangehrm.Login" name="Log" time="17.866"/>
  <system-out/>
</testsuite> <!-- TestNG.Orangehrm.Login -->
